2018-05-18 19-58-41
更新版本
2018-05-18 19-59-52
更新版本
2018-05-18 20-06-00
更新版本
2018-05-18 21-21-20
新建配置文件 = 
2018-05-18 21-28-46
新建配置文件1.0
2018-05-18 21-46-31
新建配置文件1.0
2018-05-19 10-52-50
修改配置文件1.0
2018-05-19 11-07-48
新建配置文件1.3
2018-05-19 11-14-15
删除配置文件1.0
2018-05-19 11-15-40
新建配置文件1.4
2018-05-19 11-20-24
删除配置文件1.3
2018-05-19 11-22-35
删除配置文件1.4
2018-05-19 11-29-09
新建配置文件1.2
2018-05-19 11-29-41
修改配置文件1.2
2018-05-19 11-32-42
删除配置文件1.2
2018-05-19 11-33-10
新建配置文件1.2
2018-05-19 11-42-46
更新版本
2018-05-19 11-44-44
修改配置文件1.2
2018-05-19 11-50-48
新建配置文件1.0
2018-05-19 11-50-57
根据配置文件生成版本1.0
2018-05-19 11-51-24
新建配置文件2.0
2018-05-19 12-13-25
删除配置文件2.0
2018-05-19 12-13-34
新建配置文件1.2
2018-05-19 12-13-53
根据配置文件生成版本1.2
2018-05-19 12-19-17
新建配置文件1.3
2018-05-19 15-38-51
修改配置文件1.2
2018-05-19 15-40-42
新建配置文件1.5
2018-05-19 15-41-00
修改配置文件1.5
2018-05-19 15-41-02
根据配置文件生成版本1.5
2018-05-19 15-41-07
删除配置文件1.5
2018-05-19 15-42-15
根据配置文件生成版本1.2
2018-05-19 15-42-19
删除配置文件1.2
2018-05-19 15-45-29
新建配置文件1.1
2018-05-19 15-46-19
根据配置文件生成版本1.1
2018-05-19 15-46-42
删除配置文件1.1
2018-05-19 15-51-38
新建配置文件2.0
2018-05-19 15-51-46
根据配置文件生成版本2.0
2018-05-19 15-57-53
更新版本
2018-05-19 15-58-15
更新版本
2018-05-19 16-00-52
更新版本
2018-05-19 16-08-17
新建配置文件2.1
2018-05-19 16-08-33
修改配置文件2.1
2018-05-19 16-08-35
根据配置文件生成版本2.1
2018-05-19 16-08-42
删除配置文件2.1
2018-05-19 16-09-13
更新版本
2018-05-19 16-12-40
更新版本
2018-05-19 16-13-04
新建配置文件2.3
2018-05-19 16-13-17
修改配置文件2.3
2018-05-19 16-13-19
根据配置文件生成版本2.3
2018-05-19 16-13-49
修改配置文件2.3
2018-05-19 16-13-51
根据配置文件生成版本2.3
2018-05-19 16-13-59
删除配置文件2.3
2018-05-19 16-19-23
更新版本
2018-05-19 16-39-26
更新版本
2018-05-19 16-39-48
新建配置文件2.5
2018-05-19 16-40-03
修改配置文件2.5
2018-05-19 16-40-05
根据配置文件生成版本2.5
2018-05-19 16-40-15
删除配置文件2.5
2018-05-22 10-15-45
更新版本
2018-05-29 13-32-38
更新版本
2018-06-05 16-02-49
异常未能找到路径“C:\Users\Administrator\Desktop\新建文件夹\AutoUpdate\AutoUpdate\WpfApp2\bin\Debug\..\..\..\newVersionAutoUpdate\WpfApp2\downloadbb.rar”的一部分。
2018-06-05 16-04-20
异常未能找到路径“C:\Users\Administrator\Desktop\新建文件夹\AutoUpdate\AutoUpdate\WpfApp2\bin\Debug\..\..\..\newVersionAutoUpdate\WpfApp2\downloadbb.CAB”的一部分。
2018-06-13 21-14-31
更新版本
2018-06-13 21-18-08
异常startIndex 不能大于字符串长度。
参数名: startIndex
2018-06-13 21-19-23
异常startIndex 不能大于字符串长度。
参数名: startIndex
2018-06-21 15-50-16
新建配置文件2.0
2018-06-21 15-58-18
异常未能找到文件“C:\Users\Administrator\Desktop\新建文件夹\AutoUpdate\AutoUpdate\WpfApp2\myConfig\1.0.xml”。
2018-06-21 15-58-35
异常未能找到文件“C:\Users\Administrator\Desktop\新建文件夹\AutoUpdate\AutoUpdate\WpfApp2\myConfig\1.0.xml”。
2018-06-23 22-13-12
新建配置文件3.0
2018-06-23 22-13-28
异常未能找到路径“C:\Users\Administrator\Desktop\新建文件夹\AutoUpdate\AutoUpdate\WpfApp2\3.0/”的一部分。
2018-06-23 22-13-31
异常未能找到路径“C:\Users\Administrator\Desktop\新建文件夹\AutoUpdate\AutoUpdate\WpfApp2\3.0/”的一部分。
2018-06-23 22-13-52
异常未能找到路径“C:\Users\Administrator\Desktop\新建文件夹\AutoUpdate\AutoUpdate\WpfApp2\3.0/”的一部分。
2018-06-23 22-13-55
异常未能找到路径“C:\Users\Administrator\Desktop\新建文件夹\AutoUpdate\AutoUpdate\WpfApp2\3.0/”的一部分。
2018-06-23 22-14-09
异常未能找到路径“C:\Users\Administrator\Desktop\新建文件夹\AutoUpdate\AutoUpdate\WpfApp2\3.0/”的一部分。
2018-06-23 22-14-34
异常未能找到路径“C:\Users\Administrator\Desktop\新建文件夹\AutoUpdate\AutoUpdate\WpfApp2\3.0/”的一部分。
2018-06-23 22-15-05
异常未能找到路径“C:\Users\Administrator\Desktop\新建文件夹\AutoUpdate\AutoUpdate\WpfApp2\3.0\”的一部分。
2018-06-23 22-15-27
异常未能找到路径“C:\Users\Administrator\Desktop\新建文件夹\AutoUpdate\AutoUpdate\WpfApp2\3.0\”的一部分。
2018-06-23 22-27-37
根据配置文件生成版本3.0
